{"/Users/jialuzhang/MyCode/-webpack/最简单的webpack/builder-webpack/test/index.js":{"path":"/Users/jialuzhang/MyCode/-webpack/最简单的webpack/builder-webpack/test/index.js","s":{"1":1,"2":1,"3":1,"4":1},"b":{},"f":{},"fnMap":{},"statementMap":{"1":{"start":{"line":1,"column":0},"end":{"line":1,"column":29}},"2":{"start":{"line":3,"column":0},"end":{"line":3,"column":54}},"3":{"start":{"line":5,"column":0},"end":{"line":7,"column":2}},"4":{"start":{"line":6,"column":4},"end":{"line":6,"column":40}}},"branchMap":{}},"/Users/jialuzhang/MyCode/-webpack/最简单的webpack/builder-webpack/test/unit/webpack.base-test.js":{"path":"/Users/jialuzhang/MyCode/-webpack/最简单的webpack/builder-webpack/test/unit/webpack.base-test.js","s":{"1":1,"2":1,"3":1,"4":1,"5":1,"6":1,"7":1},"b":{},"f":{},"fnMap":{},"statementMap":{"1":{"start":{"line":1,"column":0},"end":{"line":1,"column":33}},"2":{"start":{"line":3,"column":0},"end":{"line":11,"column":2}},"3":{"start":{"line":4,"column":4},"end":{"line":4,"column":57}},"4":{"start":{"line":5,"column":4},"end":{"line":5,"column":28}},"5":{"start":{"line":7,"column":4},"end":{"line":10,"column":6}},"6":{"start":{"line":8,"column":8},"end":{"line":8,"column":154}},"7":{"start":{"line":9,"column":8},"end":{"line":9,"column":157}}},"branchMap":{}}}